<?xml version="1.0" encoding="UTF-8"?>
<!-- Generated by org.testng.reporters.JUnitReportReporter -->
<testsuite hostname="BDC6-DX-6GY5NK2" name="test.NewTest" tests="3" failures="0" timestamp="12 Nov 2019 09:25:07 GMT" time="0.016" errors="0">
  <testcase name="testfacebook" time="0.000" classname="test.NewTest"/>
  <testcase name="testTestMe" time="0.016" classname="test.NewTest"/>
  <testcase name="testTwitter" time="0.000" classname="test.NewTest"/>
</testsuite> <!-- test.NewTest -->
