<?xml version="1.0" encoding="UTF-8"?>
<!-- Generated by org.testng.reporters.JUnitReportReporter -->
<testsuite hostname="BDC6-DX-6GY5NK2" name="PageObjectModel.NewTest" tests="1" failures="0" timestamp="20 Nov 2019 06:46:19 GMT" time="16.094" errors="0">
  <testcase name="f" time="16.094" classname="PageObjectModel.NewTest"/>
</testsuite> <!-- PageObjectModel.NewTest -->
