<?xml version="1.0" encoding="UTF-8"?>
<!-- Generated by org.testng.reporters.JUnitReportReporter -->
<testsuite hostname="BDC6-DX-6GY5NK2" name="test.NewTest3" tests="2" failures="0" timestamp="12 Nov 2019 09:25:07 GMT" time="0.000" errors="0">
  <testcase name="f" time="0.000" classname="test.NewTest3"/>
  <testcase name="f" time="0.000" classname="test.NewTest3"/>
</testsuite> <!-- test.NewTest3 -->
