<?xml version="1.0" encoding="UTF-8"?>
<!-- Generated by org.testng.reporters.JUnitReportReporter -->
<testsuite hostname="BDC6-DX-6GY5NK2" name="TestMeApp.NewTest" tests="3" failures="0" timestamp="18 Nov 2019 04:28:25 GMT" time="10.343" errors="0">
  <testcase name="TestCart" time="1.456" classname="TestMeApp.NewTest"/>
  <testcase name="TestLogin" time="3.479" classname="TestMeApp.NewTest"/>
  <testcase name="TestPayment" time="5.408" classname="TestMeApp.NewTest"/>
</testsuite> <!-- TestMeApp.NewTest -->
